c:\users\leejh\source\repos\netgameprogramming\netgamepro01\x64\release\vc143.pdb
c:\users\leejh\source\repos\netgameprogramming\netgamepro01\x64\release\netgamepro01.obj
d:\projects\netgameprogramming\netgamepro01\x64\release\vc143.pdb
d:\projects\netgameprogramming\netgamepro01\x64\release\netgamepro01.obj
c:\users\leejh\source\repos\netgameprogramming\x64\release\netgamepro01.exe
c:\users\leejh\source\repos\netgameprogramming\netgamepro01\x64\release\netgamepro01.ipdb
c:\users\leejh\source\repos\netgameprogramming\x64\release\netgamepro01.pdb
c:\users\leejh\source\repos\netgameprogramming\netgamepro01\x64\release\netgamepro01.iobj
d:\projects\netgameprogramming\x64\release\netgamepro01.exe
d:\projects\netgameprogramming\netgamepro01\x64\release\netgamepro01.ipdb
d:\projects\netgameprogramming\x64\release\netgamepro01.pdb
d:\projects\netgameprogramming\netgamepro01\x64\release\netgamepro01.iobj
c:\users\leejh\source\repos\netgameprogramming\netgamepro01\x64\release\netgamepro01.res
d:\projects\netgameprogramming\netgamepro01\x64\release\netgamepro01.res
c:\users\leejh\source\repos\netgameprogramming\netgamepro01\x64\release\netgamepro01.tlog\cl.command.1.tlog
c:\users\leejh\source\repos\netgameprogramming\netgamepro01\x64\release\netgamepro01.tlog\cl.read.1.tlog
c:\users\leejh\source\repos\netgameprogramming\netgamepro01\x64\release\netgamepro01.tlog\cl.write.1.tlog
c:\users\leejh\source\repos\netgameprogramming\netgamepro01\x64\release\netgamepro01.tlog\link.command.1.tlog
c:\users\leejh\source\repos\netgameprogramming\netgamepro01\x64\release\netgamepro01.tlog\link.read.1.tlog
c:\users\leejh\source\repos\netgameprogramming\netgamepro01\x64\release\netgamepro01.tlog\link.write.1.tlog
c:\users\leejh\source\repos\netgameprogramming\netgamepro01\x64\release\netgamepro01.tlog\rc.command.1.tlog
c:\users\leejh\source\repos\netgameprogramming\netgamepro01\x64\release\netgamepro01.tlog\rc.read.1.tlog
c:\users\leejh\source\repos\netgameprogramming\netgamepro01\x64\release\netgamepro01.tlog\rc.write.1.tlog
