d:\projects\netgameprogramming\chapter3\x64\release\vc143.pdb
d:\projects\netgameprogramming\chapter3\x64\release\ipaddr.obj
d:\projects\netgameprogramming\chapter3\x64\release\domain.obj
d:\projects\netgameprogramming\chapter3\x64\release\byteorder.obj
c:\users\leejh\source\repos\netgameprogramming\chapter3\x64\release\vc143.pdb
c:\users\leejh\source\repos\netgameprogramming\chapter3\x64\release\ipaddr.obj
c:\users\leejh\source\repos\netgameprogramming\chapter3\x64\release\domain.obj
c:\users\leejh\source\repos\netgameprogramming\chapter3\x64\release\byteorder.obj
d:\projects\netgameprogramming\x64\release\chapter3.exe
d:\projects\netgameprogramming\chapter3\x64\release\chapter3.ipdb
d:\projects\netgameprogramming\x64\release\chapter3.pdb
d:\projects\netgameprogramming\chapter3\x64\release\chapter3.iobj
c:\users\leejh\source\repos\netgameprogramming\x64\release\chapter3.exe
c:\users\leejh\source\repos\netgameprogramming\chapter3\x64\release\chapter3.ipdb
c:\users\leejh\source\repos\netgameprogramming\x64\release\chapter3.pdb
c:\users\leejh\source\repos\netgameprogramming\chapter3\x64\release\chapter3.iobj
c:\users\leejh\source\repos\netgameprogramming\chapter3\x64\release\confirmendian.obj
c:\users\leejh\source\repos\netgameprogramming\chapter3\x64\release\chapter3.tlog\cl.command.1.tlog
c:\users\leejh\source\repos\netgameprogramming\chapter3\x64\release\chapter3.tlog\cl.read.1.tlog
c:\users\leejh\source\repos\netgameprogramming\chapter3\x64\release\chapter3.tlog\cl.write.1.tlog
c:\users\leejh\source\repos\netgameprogramming\chapter3\x64\release\chapter3.tlog\link.command.1.tlog
c:\users\leejh\source\repos\netgameprogramming\chapter3\x64\release\chapter3.tlog\link.read.1.tlog
c:\users\leejh\source\repos\netgameprogramming\chapter3\x64\release\chapter3.tlog\link.write.1.tlog
